Aug 17, 2018 2:19:41 PM org.apache.catalina.startup.VersionLoggerListener log
INFO: Server version:        Apache Tomcat/7.0.69
Aug 17, 2018 2:19:41 PM org.apache.catalina.startup.VersionLoggerListener log
INFO: Server built:          Apr 11 2016 07:57:09 UTC
Aug 17, 2018 2:19:41 PM org.apache.catalina.startup.VersionLoggerListener log
INFO: Server number:         7.0.69.0
Aug 17, 2018 2:19:41 PM org.apache.catalina.startup.VersionLoggerListener log
INFO: OS Name:               Linux
Aug 17, 2018 2:19:41 PM org.apache.catalina.startup.VersionLoggerListener log
INFO: OS Version:            3.10.0-862.9.1.el7.x86_64
Aug 17, 2018 2:19:41 PM org.apache.catalina.startup.VersionLoggerListener log
INFO: Architecture:          amd64
Aug 17, 2018 2:19:41 PM org.apache.catalina.startup.VersionLoggerListener log
INFO: Java Home:             /usr/lib/jvm/java-1.7.0-openjdk-1.7.0.181-2.6.14.8.el7_5.x86_64/jre
Aug 17, 2018 2:19:41 PM org.apache.catalina.startup.VersionLoggerListener log
INFO: JVM Version:           1.7.0_181-mockbuild_2018_05_22_00_09-b00
Aug 17, 2018 2:19:41 PM org.apache.catalina.startup.VersionLoggerListener log
INFO: JVM Vendor:            Oracle Corporation
Aug 17, 2018 2:19:41 PM org.apache.catalina.startup.VersionLoggerListener log
INFO: CATALINA_BASE:         /usr/share/tomcat
Aug 17, 2018 2:19:41 PM org.apache.catalina.startup.VersionLoggerListener log
INFO: CATALINA_HOME:         /usr/share/tomcat
Aug 17, 2018 2:19:41 PM org.apache.catalina.startup.VersionLoggerListener log
INFO: Command line argument: -Djava.util.logging.config.file=/usr/share/tomcat/conf/logging.properties
Aug 17, 2018 2:19:41 PM org.apache.catalina.startup.VersionLoggerListener log
INFO: Command line argument: -Djava.util.logging.manager=org.apache.juli.ClassLoaderLogManager
Aug 17, 2018 2:19:41 PM org.apache.catalina.startup.VersionLoggerListener log
INFO: Command line argument: -Djava.awt.headless=true
Aug 17, 2018 2:19:41 PM org.apache.catalina.startup.VersionLoggerListener log
INFO: Command line argument: -Dfile.encoding=UTF-8
Aug 17, 2018 2:19:41 PM org.apache.catalina.startup.VersionLoggerListener log
INFO: Command line argument: -Xms512m
Aug 17, 2018 2:19:41 PM org.apache.catalina.startup.VersionLoggerListener log
INFO: Command line argument: -Xmx512m
Aug 17, 2018 2:19:41 PM org.apache.catalina.startup.VersionLoggerListener log
INFO: Command line argument: -XX:NewSize=256m
Aug 17, 2018 2:19:41 PM org.apache.catalina.startup.VersionLoggerListener log
INFO: Command line argument: -XX:MaxNewSize=256m
Aug 17, 2018 2:19:41 PM org.apache.catalina.startup.VersionLoggerListener log
INFO: Command line argument: -XX:PermSize=256m
Aug 17, 2018 2:19:41 PM org.apache.catalina.startup.VersionLoggerListener log
INFO: Command line argument: -XX:MaxPermSize=256m
Aug 17, 2018 2:19:41 PM org.apache.catalina.startup.VersionLoggerListener log
INFO: Command line argument: -XX:+DisableExplicitGC
Aug 17, 2018 2:19:41 PM org.apache.catalina.startup.VersionLoggerListener log
INFO: Command line argument: -XX:+UseConcMarkSweepGC
Aug 17, 2018 2:19:41 PM org.apache.catalina.startup.VersionLoggerListener log
INFO: Command line argument: -Djdk.tls.ephemeralDHKeySize=2048
Aug 17, 2018 2:19:41 PM org.apache.catalina.startup.VersionLoggerListener log
INFO: Command line argument: -Djava.endorsed.dirs=/usr/share/tomcat/endorsed
Aug 17, 2018 2:19:41 PM org.apache.catalina.startup.VersionLoggerListener log
INFO: Command line argument: -Dcatalina.base=/usr/share/tomcat
Aug 17, 2018 2:19:41 PM org.apache.catalina.startup.VersionLoggerListener log
INFO: Command line argument: -Dcatalina.home=/usr/share/tomcat
Aug 17, 2018 2:19:41 PM org.apache.catalina.startup.VersionLoggerListener log
INFO: Command line argument: -Djava.io.tmpdir=/usr/share/tomcat/temp
Aug 17, 2018 2:19:41 PM org.apache.catalina.core.AprLifecycleListener lifecycleEvent
INFO: The APR based Apache Tomcat Native library which allows optimal performance in production environments was not found on the java.library.path: /usr/java/packages/lib/amd64:/usr/lib64:/lib64:/lib:/usr/lib
Aug 17, 2018 2:19:42 PM org.apache.coyote.AbstractProtocol init
INFO: Initializing ProtocolHandler ["http-bio-80"]
Aug 17, 2018 2:19:42 PM org.apache.coyote.AbstractProtocol init
INFO: Initializing ProtocolHandler ["http-nio-8443"]
Aug 17, 2018 2:19:43 PM org.apache.tomcat.util.net.NioSelectorPool getSharedSelector
INFO: Using a shared selector for servlet write/read
Aug 17, 2018 2:19:43 PM org.apache.coyote.AbstractProtocol init
INFO: Initializing ProtocolHandler ["ajp-bio-8009"]
Aug 17, 2018 2:19:43 PM org.apache.catalina.startup.Catalina load
INFO: Initialization processed in 3679 ms
Aug 17, 2018 2:19:43 PM org.apache.catalina.core.StandardService startInternal
INFO: Starting service Catalina
Aug 17, 2018 2:19:43 PM org.apache.catalina.core.StandardEngine startInternal
INFO: Starting Servlet Engine: Apache Tomcat/7.0.69
Aug 17, 2018 2:19:43 PM org.apache.catalina.startup.HostConfig deployWAR
INFO: Deploying web application archive /usr/share/tomcat/webapps/ROOT.war
Aug 17, 2018 2:20:12 PM org.apache.catalina.startup.TldConfig execute
INFO: At least one JAR was scanned for TLDs yet contained no TLDs. Enable debug logging for this logger for a complete list of JARs that were scanned but no TLDs were found in them. Skipping unneeded JARs during scanning can improve startup time and JSP compilation time.
[CIS] - Loading db configuration.....
[CIS] - Connection db... jdbc:mysql://127.0.0.1/asterisk?useUnicode=yes&characterEncoding=utf8&zeroDateTimeBehavior=convertToNull
[CIS] - Loading db successfully.
loading security config ...
-------------------------- configureMailSender --------------------------
config ----> [host:mail.lcs.com.vn, port:25, username:cis@lcs.com.vn, password:Lcs@210, props:[mail.smtp.auth:true, mail.smtp.starttls.enable:false, mail.smtp.port:25]]
test doWithSpring ------------>
datasourcesssss ---> loadConfig
configFile ----->/etc/ciscfg/cis-ext-db.groovy
watchedResources --->/etc/ciscfg/cis-ext-db.groovy
dataSources ------------>[name: exten, readOnly: false, driverClassName: com.mysql.jdbc.Driver, url: jdbc:mysql://127.0.0.1/asterisk?useUnicode=yes&characterEncoding=utf8&zeroDateTimeBehavior=convertToNull, username: root, password: pbxpassw0rd, parentDs: null, dbCreate: update, dialect: com.lcs.util.MySQLUTF8InnoDBDialect, jndiName: null, pooled: true, loggingSql: false, logSql: false, environments: [development, test, production], domainClasses: [], services: [], hibernate: {}, passwordEncryptionCodec: null]
here 1 ------------>
here 2 ------------>
ds ------------>name: exten, readOnly: false, driverClassName: com.mysql.jdbc.Driver, url: jdbc:mysql://127.0.0.1/asterisk?useUnicode=yes&characterEncoding=utf8&zeroDateTimeBehavior=convertToNull, username: root, password: pbxpassw0rd, parentDs: null, dbCreate: update, dialect: com.lcs.util.MySQLUTF8InnoDBDialect, jndiName: null, pooled: true, loggingSql: false, logSql: false, environments: [development, test, production], domainClasses: [], services: [], hibernate: {}, passwordEncryptionCodec: null
datasourcesssss ---> loadConfig
configFile ----->/etc/ciscfg/cis-ext-db.groovy
watchedResources --->/etc/ciscfg/cis-ext-db.groovy
Setting the database properties
------------- clear all data ------------- Fri Aug 17 14:20:50 ICT 2018
------------- load all data ------------- Fri Aug 17 14:20:50 ICT 2018
------------- finish load all data ------------- Fri Aug 17 14:20:51 ICT 2018
length ------> 8
----------production---------
UUID ----> 564D1761-817D-CCAE-985A-8BA2031AE132
Name: ens160 --- MAC: 00:0C:29:1A:E1:32
===========================================
key ===> 00:0C:29:1A:E1:32 ----- ens160
===========================================
uuid =====> 564D1761-817D-CCAE-985A-8BA2031AE132
===========================================
============== getCurrentLicenseFromSystem ===============
There was some errors while reading license file, reset license to 0!
generateAMI ----------> 
Asterisk AMI config ----> 127.0.0.1,127.0.0.1,pbxpassw0rd,5038
Asterisk AMI config ----> 127.0.0.1,127.0.0.1,pbxpassw0rd,5038
Asterisk AMI config ----> 127.0.0.1,127.0.0.1,pbxpassw0rd,5038
Connect for first time ----> 127.0.0.1
org.asteriskjava.manager.AuthenticationFailedException: Authentication failed
	at org.asteriskjava.manager.internal.ManagerConnectionImpl.doLogin(ManagerConnectionImpl.java:639)
	at org.asteriskjava.manager.internal.ManagerConnectionImpl.login(ManagerConnectionImpl.java:499)
	at org.asteriskjava.manager.internal.ManagerConnectionImpl.login(ManagerConnectionImpl.java:484)
	at org.asteriskjava.manager.DefaultManagerConnection.login(DefaultManagerConnection.java:294)
	at com.lcs.pbx.AsteriskManager.loginSendAction(AsteriskManager.java:198)
	at com.lcs.pbx.AsteriskManager.<init>(AsteriskManager.java:70)
	at com.lcs.pbx.AsteriskManagerFactory.getInstance(AsteriskManagerFactory.java:16)
	at com.lcs.pbx.AsteriskManagerFactory$getInstance.call(Unknown Source)
	at org.codehaus.groovy.runtime.callsite.CallSiteArray.defaultCall(CallSiteArray.java:40)
	at org.codehaus.groovy.runtime.callsite.AbstractCallSite.call(AbstractCallSite.java:116)
	at org.codehaus.groovy.runtime.callsite.AbstractCallSite.call(AbstractCallSite.java:120)
	at com.lcs.cis.core.ManagerService.generateAsteriskManager(ManagerService.groovy:44)
	at com.lcs.cis.core.ManagerService$$FastClassByCGLIB$$b2ec74f7.invoke(<generated>)
	at net.sf.cglib.proxy.MethodProxy.invoke(MethodProxy.java:149)
	at org.springframework.aop.framework.Cglib2AopProxy$CglibMethodInvocation.invokeJoinpoint(Cglib2AopProxy.java:688)
	at org.springframework.aop.framework.ReflectiveMethodInvocation.proceed(ReflectiveMethodInvocation.java:150)
	at org.springframework.transaction.interceptor.TransactionInterceptor.invoke(TransactionInterceptor.java:110)
	at org.springframework.aop.framework.ReflectiveMethodInvocation.proceed(ReflectiveMethodInvocation.java:172)
	at org.springframework.aop.framework.Cglib2AopProxy$DynamicAdvisedInterceptor.intercept(Cglib2AopProxy.java:621)
	at com.lcs.cis.core.ManagerService$$EnhancerByCGLIB$$c830ebc.generateAsteriskManager(<generated>)
	at com.lcs.cis.core.ManagerService$generateAsteriskManager.call(Unknown Source)
	at org.codehaus.groovy.runtime.callsite.CallSiteArray.defaultCall(CallSiteArray.java:40)
	at org.codehaus.groovy.runtime.callsite.AbstractCallSite.call(AbstractCallSite.java:116)
	at org.codehaus.groovy.runtime.callsite.AbstractCallSite.call(AbstractCallSite.java:120)
	at BootStrap$_closure2_closure4_closure6.doCall(BootStrap.groovy:167)
	at sun.reflect.NativeMethodAccessorImpl.invoke0(Native Method)
	at sun.reflect.NativeMethodAccessorImpl.invoke(NativeMethodAccessorImpl.java:57)
	at sun.reflect.DelegatingMethodAccessorImpl.invoke(DelegatingMethodAccessorImpl.java:43)
	at java.lang.reflect.Method.invoke(Method.java:606)
	at org.codehaus.groovy.runtime.callsite.PogoMetaMethodSite$PogoCachedMethodSite.invoke(PogoMetaMethodSite.java:225)
	at org.codehaus.groovy.runtime.callsite.PogoMetaMethodSite.callCurrent(PogoMetaMethodSite.java:51)
	at org.codehaus.groovy.runtime.callsite.CallSiteArray.defaultCallCurrent(CallSiteArray.java:44)
	at org.codehaus.groovy.runtime.callsite.AbstractCallSite.callCurrent(AbstractCallSite.java:141)
	at org.codehaus.groovy.runtime.callsite.AbstractCallSite.callCurrent(AbstractCallSite.java:149)
	at BootStrap$_closure2_closure4_closure6.doCall(BootStrap.groovy)
	at sun.reflect.NativeMethodAccessorImpl.invoke0(Native Method)
	at sun.reflect.NativeMethodAccessorImpl.invoke(NativeMethodAccessorImpl.java:57)
	at sun.reflect.DelegatingMethodAccessorImpl.invoke(DelegatingMethodAccessorImpl.java:43)
	at java.lang.reflect.Method.invoke(Method.java:606)
	at org.codehaus.groovy.reflection.CachedMethod.invoke(CachedMethod.java:90)
	at groovy.lang.MetaMethod.doMethodInvoke(MetaMethod.java:233)
	at groovy.lang.MetaClassImpl.invokeMethod(MetaClassImpl.java:1058)
	at groovy.lang.ExpandoMetaClass.invokeMethod(ExpandoMetaClass.java:1070)
	at groovy.lang.MetaClassImpl.invokeMethod(MetaClassImpl.java:886)
	at groovy.lang.Closure.call(Closure.java:282)
	at groovy.lang.Closure.call(Closure.java:277)
	at grails.util.Environment$EnvironmentBlockEvaluator.execute(Environment.java:264)
	at grails.util.Environment.executeForEnvironment(Environment.java:245)
	at grails.util.Environment.executeForCurrentEnvironment(Environment.java:220)
	at org.codehaus.groovy.grails.commons.DefaultGrailsBootstrapClass.callInit(DefaultGrailsBootstrapClass.java:59)
	at org.codehaus.groovy.grails.web.context.GrailsConfigUtils.executeGrailsBootstraps(GrailsConfigUtils.java:74)
	at org.codehaus.groovy.grails.web.context.GrailsContextLoader.createWebApplicationContext(GrailsContextLoader.java:74)
	at org.springframework.web.context.ContextLoader.initWebApplicationContext(ContextLoader.java:197)
	at org.springframework.web.context.ContextLoaderListener.contextInitialized(ContextLoaderListener.java:47)
	at org.apache.catalina.core.StandardContext.listenerStart(StandardContext.java:5068)
	at org.apache.catalina.core.StandardContext.startInternal(StandardContext.java:5584)
	at org.apache.catalina.util.LifecycleBase.start(LifecycleBase.java:147)
	at org.apache.catalina.core.ContainerBase.addChildInternal(ContainerBase.java:899)
	at org.apache.catalina.core.ContainerBase.addChild(ContainerBase.java:875)
	at org.apache.catalina.core.StandardHost.addChild(StandardHost.java:652)
	at org.apache.catalina.startup.HostConfig.deployWAR(HostConfig.java:1092)
	at org.apache.catalina.startup.HostConfig$DeployWar.run(HostConfig.java:1984)
	at java.util.concurrent.Executors$RunnableAdapter.call(Executors.java:473)
	at java.util.concurrent.FutureTask.run(FutureTask.java:262)
	at java.util.concurrent.ThreadPoolExecutor.runWorker(ThreadPoolExecutor.java:1152)
	at java.util.concurrent.ThreadPoolExecutor$Worker.run(ThreadPoolExecutor.java:622)
	at java.lang.Thread.run(Thread.java:748)
Connect for first time ----> 127.0.0.1
org.asteriskjava.manager.AuthenticationFailedException: Authentication failed
	at org.asteriskjava.manager.internal.ManagerConnectionImpl.doLogin(ManagerConnectionImpl.java:639)
	at org.asteriskjava.manager.internal.ManagerConnectionImpl.login(ManagerConnectionImpl.java:499)
	at org.asteriskjava.manager.internal.ManagerConnectionImpl.login(ManagerConnectionImpl.java:484)
	at org.asteriskjava.manager.DefaultManagerConnection.login(DefaultManagerConnection.java:294)
	at com.lcs.pbx.AsteriskManager.loginCollector(AsteriskManager.java:229)
	at com.lcs.pbx.AsteriskManager.<init>(AsteriskManager.java:71)
	at com.lcs.pbx.AsteriskManagerFactory.getInstance(AsteriskManagerFactory.java:16)
	at com.lcs.pbx.AsteriskManagerFactory$getInstance.call(Unknown Source)
	at org.codehaus.groovy.runtime.callsite.CallSiteArray.defaultCall(CallSiteArray.java:40)
	at org.codehaus.groovy.runtime.callsite.AbstractCallSite.call(AbstractCallSite.java:116)
	at org.codehaus.groovy.runtime.callsite.AbstractCallSite.call(AbstractCallSite.java:120)
	at com.lcs.cis.core.ManagerService.generateAsteriskManager(ManagerService.groovy:44)
	at com.lcs.cis.core.ManagerService$$FastClassByCGLIB$$b2ec74f7.invoke(<generated>)
	at net.sf.cglib.proxy.MethodProxy.invoke(MethodProxy.java:149)
	at org.springframework.aop.framework.Cglib2AopProxy$CglibMethodInvocation.invokeJoinpoint(Cglib2AopProxy.java:688)
	at org.springframework.aop.framework.ReflectiveMethodInvocation.proceed(ReflectiveMethodInvocation.java:150)
	at org.springframework.transaction.interceptor.TransactionInterceptor.invoke(TransactionInterceptor.java:110)
	at org.springframework.aop.framework.ReflectiveMethodInvocation.proceed(ReflectiveMethodInvocation.java:172)
	at org.springframework.aop.framework.Cglib2AopProxy$DynamicAdvisedInterceptor.intercept(Cglib2AopProxy.java:621)
	at com.lcs.cis.core.ManagerService$$EnhancerByCGLIB$$c830ebc.generateAsteriskManager(<generated>)
	at com.lcs.cis.core.ManagerService$generateAsteriskManager.call(Unknown Source)
	at org.codehaus.groovy.runtime.callsite.CallSiteArray.defaultCall(CallSiteArray.java:40)
	at org.codehaus.groovy.runtime.callsite.AbstractCallSite.call(AbstractCallSite.java:116)
	at org.codehaus.groovy.runtime.callsite.AbstractCallSite.call(AbstractCallSite.java:120)
	at BootStrap$_closure2_closure4_closure6.doCall(BootStrap.groovy:167)
	at sun.reflect.NativeMethodAccessorImpl.invoke0(Native Method)
	at sun.reflect.NativeMethodAccessorImpl.invoke(NativeMethodAccessorImpl.java:57)
	at sun.reflect.DelegatingMethodAccessorImpl.invoke(DelegatingMethodAccessorImpl.java:43)
	at java.lang.reflect.Method.invoke(Method.java:606)
	at org.codehaus.groovy.runtime.callsite.PogoMetaMethodSite$PogoCachedMethodSite.invoke(PogoMetaMethodSite.java:225)
	at org.codehaus.groovy.runtime.callsite.PogoMetaMethodSite.callCurrent(PogoMetaMethodSite.java:51)
	at org.codehaus.groovy.runtime.callsite.CallSiteArray.defaultCallCurrent(CallSiteArray.java:44)
	at org.codehaus.groovy.runtime.callsite.AbstractCallSite.callCurrent(AbstractCallSite.java:141)
	at org.codehaus.groovy.runtime.callsite.AbstractCallSite.callCurrent(AbstractCallSite.java:149)
	at BootStrap$_closure2_closure4_closure6.doCall(BootStrap.groovy)
	at sun.reflect.NativeMethodAccessorImpl.invoke0(Native Method)
	at sun.reflect.NativeMethodAccessorImpl.invoke(NativeMethodAccessorImpl.java:57)
	at sun.reflect.DelegatingMethodAccessorImpl.invoke(DelegatingMethodAccessorImpl.java:43)
	at java.lang.reflect.Method.invoke(Method.java:606)
	at org.codehaus.groovy.reflection.CachedMethod.invoke(CachedMethod.java:90)
	at groovy.lang.MetaMethod.doMethodInvoke(MetaMethod.java:233)
	at groovy.lang.MetaClassImpl.invokeMethod(MetaClassImpl.java:1058)
	at groovy.lang.ExpandoMetaClass.invokeMethod(ExpandoMetaClass.java:1070)
	at groovy.lang.MetaClassImpl.invokeMethod(MetaClassImpl.java:886)
	at groovy.lang.Closure.call(Closure.java:282)
	at groovy.lang.Closure.call(Closure.java:277)
	at grails.util.Environment$EnvironmentBlockEvaluator.execute(Environment.java:264)
	at grails.util.Environment.executeForEnvironment(Environment.java:245)
	at grails.util.Environment.executeForCurrentEnvironment(Environment.java:220)
	at org.codehaus.groovy.grails.commons.DefaultGrailsBootstrapClass.callInit(DefaultGrailsBootstrapClass.java:59)
	at org.codehaus.groovy.grails.web.context.GrailsConfigUtils.executeGrailsBootstraps(GrailsConfigUtils.java:74)
	at org.codehaus.groovy.grails.web.context.GrailsContextLoader.createWebApplicationContext(GrailsContextLoader.java:74)
	at org.springframework.web.context.ContextLoader.initWebApplicationContext(ContextLoader.java:197)
	at org.springframework.web.context.ContextLoaderListener.contextInitialized(ContextLoaderListener.java:47)
	at org.apache.catalina.core.StandardContext.listenerStart(StandardContext.java:5068)
	at org.apache.catalina.core.StandardContext.startInternal(StandardContext.java:5584)
	at org.apache.catalina.util.LifecycleBase.start(LifecycleBase.java:147)
	at org.apache.catalina.core.ContainerBase.addChildInternal(ContainerBase.java:899)
	at org.apache.catalina.core.ContainerBase.addChild(ContainerBase.java:875)
	at org.apache.catalina.core.StandardHost.addChild(StandardHost.java:652)
	at org.apache.catalina.startup.HostConfig.deployWAR(HostConfig.java:1092)
	at org.apache.catalina.startup.HostConfig$DeployWar.run(HostConfig.java:1984)
	at java.util.concurrent.Executors$RunnableAdapter.call(Executors.java:473)
	at java.util.concurrent.FutureTask.run(FutureTask.java:262)
	at java.util.concurrent.ThreadPoolExecutor.runWorker(ThreadPoolExecutor.java:1152)
	at java.util.concurrent.ThreadPoolExecutor$Worker.run(ThreadPoolExecutor.java:622)
	at java.lang.Thread.run(Thread.java:748)
Event Connect for first time ----> 127.0.0.1
create eventManagerIntance....
regis event listener... done!!!!
Connect for first time ----> 127.0.0.1
org.asteriskjava.manager.AuthenticationFailedException: Authentication failed
	at org.asteriskjava.manager.internal.ManagerConnectionImpl.doLogin(ManagerConnectionImpl.java:639)
	at org.asteriskjava.manager.internal.ManagerConnectionImpl.login(ManagerConnectionImpl.java:499)
	at org.asteriskjava.manager.internal.ManagerConnectionImpl.login(ManagerConnectionImpl.java:484)
	at org.asteriskjava.manager.DefaultManagerConnection.login(DefaultManagerConnection.java:294)
	at com.lcs.pbx.AsteriskManager.loginSendAction(AsteriskManager.java:198)
	at com.lcs.pbx.AsteriskManager$loginSendAction.call(Unknown Source)
	at org.codehaus.groovy.runtime.callsite.CallSiteArray.defaultCall(CallSiteArray.java:40)
	at org.codehaus.groovy.runtime.callsite.AbstractCallSite.call(AbstractCallSite.java:116)
	at org.codehaus.groovy.runtime.callsite.AbstractCallSite.call(AbstractCallSite.java:120)
	at com.lcs.cis.core.ManagerService.generateAsteriskManager(ManagerService.groovy:45)
	at com.lcs.cis.core.ManagerService$$FastClassByCGLIB$$b2ec74f7.invoke(<generated>)
	at net.sf.cglib.proxy.MethodProxy.invoke(MethodProxy.java:149)
	at org.springframework.aop.framework.Cglib2AopProxy$CglibMethodInvocation.invokeJoinpoint(Cglib2AopProxy.java:688)
	at org.springframework.aop.framework.ReflectiveMethodInvocation.proceed(ReflectiveMethodInvocation.java:150)
	at org.springframework.transaction.interceptor.TransactionInterceptor.invoke(TransactionInterceptor.java:110)
	at org.springframework.aop.framework.ReflectiveMethodInvocation.proceed(ReflectiveMethodInvocation.java:172)
	at org.springframework.aop.framework.Cglib2AopProxy$DynamicAdvisedInterceptor.intercept(Cglib2AopProxy.java:621)
	at com.lcs.cis.core.ManagerService$$EnhancerByCGLIB$$c830ebc.generateAsteriskManager(<generated>)
	at com.lcs.cis.core.ManagerService$generateAsteriskManager.call(Unknown Source)
	at org.codehaus.groovy.runtime.callsite.CallSiteArray.defaultCall(CallSiteArray.java:40)
	at org.codehaus.groovy.runtime.callsite.AbstractCallSite.call(AbstractCallSite.java:116)
	at org.codehaus.groovy.runtime.callsite.AbstractCallSite.call(AbstractCallSite.java:120)
	at BootStrap$_closure2_closure4_closure6.doCall(BootStrap.groovy:167)
	at sun.reflect.NativeMethodAccessorImpl.invoke0(Native Method)
	at sun.reflect.NativeMethodAccessorImpl.invoke(NativeMethodAccessorImpl.java:57)
	at sun.reflect.DelegatingMethodAccessorImpl.invoke(DelegatingMethodAccessorImpl.java:43)
	at java.lang.reflect.Method.invoke(Method.java:606)
	at org.codehaus.groovy.runtime.callsite.PogoMetaMethodSite$PogoCachedMethodSite.invoke(PogoMetaMethodSite.java:225)
	at org.codehaus.groovy.runtime.callsite.PogoMetaMethodSite.callCurrent(PogoMetaMethodSite.java:51)
	at org.codehaus.groovy.runtime.callsite.CallSiteArray.defaultCallCurrent(CallSiteArray.java:44)
	at org.codehaus.groovy.runtime.callsite.AbstractCallSite.callCurrent(AbstractCallSite.java:141)
	at org.codehaus.groovy.runtime.callsite.AbstractCallSite.callCurrent(AbstractCallSite.java:149)
	at BootStrap$_closure2_closure4_closure6.doCall(BootStrap.groovy)
	at sun.reflect.NativeMethodAccessorImpl.invoke0(Native Method)
	at sun.reflect.NativeMethodAccessorImpl.invoke(NativeMethodAccessorImpl.java:57)
	at sun.reflect.DelegatingMethodAccessorImpl.invoke(DelegatingMethodAccessorImpl.java:43)
	at java.lang.reflect.Method.invoke(Method.java:606)
	at org.codehaus.groovy.reflection.CachedMethod.invoke(CachedMethod.java:90)
	at groovy.lang.MetaMethod.doMethodInvoke(MetaMethod.java:233)
	at groovy.lang.MetaClassImpl.invokeMethod(MetaClassImpl.java:1058)
	at groovy.lang.ExpandoMetaClass.invokeMethod(ExpandoMetaClass.java:1070)
	at groovy.lang.MetaClassImpl.invokeMethod(MetaClassImpl.java:886)
	at groovy.lang.Closure.call(Closure.java:282)
	at groovy.lang.Closure.call(Closure.java:277)
	at grails.util.Environment$EnvironmentBlockEvaluator.execute(Environment.java:264)
	at grails.util.Environment.executeForEnvironment(Environment.java:245)
	at grails.util.Environment.executeForCurrentEnvironment(Environment.java:220)
	at org.codehaus.groovy.grails.commons.DefaultGrailsBootstrapClass.callInit(DefaultGrailsBootstrapClass.java:59)
	at org.codehaus.groovy.grails.web.context.GrailsConfigUtils.executeGrailsBootstraps(GrailsConfigUtils.java:74)
	at org.codehaus.groovy.grails.web.context.GrailsContextLoader.createWebApplicationContext(GrailsContextLoader.java:74)
	at org.springframework.web.context.ContextLoader.initWebApplicationContext(ContextLoader.java:197)
	at org.springframework.web.context.ContextLoaderListener.contextInitialized(ContextLoaderListener.java:47)
	at org.apache.catalina.core.StandardContext.listenerStart(StandardContext.java:5068)
	at org.apache.catalina.core.StandardContext.startInternal(StandardContext.java:5584)
	at org.apache.catalina.util.LifecycleBase.start(LifecycleBase.java:147)
	at org.apache.catalina.core.ContainerBase.addChildInternal(ContainerBase.java:899)
	at org.apache.catalina.core.ContainerBase.addChild(ContainerBase.java:875)
	at org.apache.catalina.core.StandardHost.addChild(StandardHost.java:652)
	at org.apache.catalina.startup.HostConfig.deployWAR(HostConfig.java:1092)
	at org.apache.catalina.startup.HostConfig$DeployWar.run(HostConfig.java:1984)
	at java.util.concurrent.Executors$RunnableAdapter.call(Executors.java:473)
	at java.util.concurrent.FutureTask.run(FutureTask.java:262)
	at java.util.concurrent.ThreadPoolExecutor.runWorker(ThreadPoolExecutor.java:1152)
	at java.util.concurrent.ThreadPoolExecutor$Worker.run(ThreadPoolExecutor.java:622)
	at java.lang.Thread.run(Thread.java:748)
<--- generateAMI
contextName ----> from-external
listExt ---> [com.lcs.cis.Extension : 1]
contextName ----> from-pstn
listExt ---> [com.lcs.cis.Extension : 2]
contextName ----> from-trunk
listExt ---> [com.lcs.cis.Extension : 3]
starting register default dialplan...
app features existed
------------ registerFeatureCode ------------
Register featurecode <-----------------------> com.lcs.cis.Category : 6
--------------- end registerFeatureCode --------------------
------------------ generateAgentDetailDashboard ------------------
dndHistory size ===> 0
1/14 agent ===> 50001 - MÔNG THỊ THỦY
2/14 agent ===> 50002 - NGUYỄN VĂN MÃO
3/14 agent ===> 50003 - NGUYỄN THỊ PHƯƠNG THẢO
4/14 agent ===> 50005 - NGUYỄN THỊ BẦU
5/14 agent ===> 50006 - BÙI THỊ THỦY
6/14 agent ===> 50007 - TRẦN TIẾN DUY
7/14 agent ===> 50009 - NGUYỄN THỊ DUNG
8/14 agent ===> 50010 - ĐÀO HOÀI NAM
9/14 agent ===> 50012 - ĐỖ ANH LINH
10/14 agent ===> 50014 - NGUYỄN THỊ VÂN
11/14 agent ===> 50015 - NGUYỄN THỊ HẢI ANH
12/14 agent ===> 50016 - LÂN THỊ HUỆ
13/14 agent ===> 50018 - NGUYỄN TRÀ MY
14/14 agent ===> 50019 - NGUYỄN KHÁNH ĐỊNH
-------------------------------------------------------------------
add this proxy to manage list ===> 127.0.0.1
Create new ProxyInstance ===> 127.0.0.1 / ListenEvent: true
amiUsername ====> manager
amiPassword ====> pbxpassw0rd
amiPort ====> 5038
amiHost ====> 127.0.0.1
EventConnection has not been established, establish right now...127.0.0.1
create eventManagerIntance....
regis event listener... done!!!!
SendAction connection has not been established, establish right now...127.0.0.1
CollectorConnection has not been established, establish right now...127.0.0.1
startThread state before start... ----> NEW
startThread state after start... ----> RUNNABLE
AMIThread started with sleeptime: 5000
---- startUnregisterIllegalExtension -----
================ loadAllMapData ==================
================ loadAllMapData complete ==================
java.net.ConnectException: Connection refused (Connection refused)
	at java.net.PlainSocketImpl.socketConnect(Native Method)
	at java.net.AbstractPlainSocketImpl.doConnect(AbstractPlainSocketImpl.java:339)
	at java.net.AbstractPlainSocketImpl.connectToAddress(AbstractPlainSocketImpl.java:200)
	at java.net.AbstractPlainSocketImpl.connect(AbstractPlainSocketImpl.java:182)
	at java.net.SocksSocketImpl.connect(SocksSocketImpl.java:392)
	at java.net.Socket.connect(Socket.java:580)
	at java.net.Socket.connect(Socket.java:529)
	at sun.net.NetworkClient.doConnect(NetworkClient.java:180)
	at sun.net.www.http.HttpClient.openServer(HttpClient.java:463)
	at sun.net.www.http.HttpClient.openServer(HttpClient.java:558)
	at sun.net.www.http.HttpClient.<init>(HttpClient.java:242)
	at sun.net.www.http.HttpClient.New(HttpClient.java:339)
	at sun.net.www.http.HttpClient.New(HttpClient.java:357)
	at sun.net.www.protocol.http.HttpURLConnection.getNewHttpClient(HttpURLConnection.java:1062)
	at sun.net.www.protocol.http.HttpURLConnection.plainConnect(HttpURLConnection.java:998)
	at sun.net.www.protocol.http.HttpURLConnection.connect(HttpURLConnection.java:916)
	at sun.net.www.protocol.http.HttpURLConnection$connect.call(Unknown Source)
	at org.codehaus.groovy.runtime.callsite.CallSiteArray.defaultCall(CallSiteArray.java:40)
	at org.codehaus.groovy.runtime.callsite.AbstractCallSite.call(AbstractCallSite.java:116)
	at org.codehaus.groovy.runtime.callsite.AbstractCallSite.call(AbstractCallSite.java:120)
	at com.lcs.cis.ProxyService.sendHttpReloadSipProxy(ProxyService.groovy:96)
	at sun.reflect.NativeMethodAccessorImpl.invoke0(Native Method)
	at sun.reflect.NativeMethodAccessorImpl.invoke(NativeMethodAccessorImpl.java:57)
	at sun.reflect.DelegatingMethodAccessorImpl.invoke(DelegatingMethodAccessorImpl.java:43)
	at java.lang.reflect.Method.invoke(Method.java:606)
	at org.codehaus.groovy.reflection.CachedMethod.invoke(CachedMethod.java:90)
	at groovy.lang.MetaMethod.doMethodInvoke(MetaMethod.java:233)
	at groovy.lang.MetaClassImpl.invokeMethod(MetaClassImpl.java:1058)
	at groovy.lang.ExpandoMetaClass.invokeMethod(ExpandoMetaClass.java:1070)
	at org.codehaus.groovy.runtime.ScriptBytecodeAdapter.invokeMethodOnCurrentN(ScriptBytecodeAdapter.java:77)
	at com.lcs.cis.ProxyService.this$dist$invoke$2(ProxyService.groovy)
	at com.lcs.cis.ProxyService$1.methodMissing(ProxyService.groovy)
	at sun.reflect.NativeMethodAccessorImpl.invoke0(Native Method)
	at sun.reflect.NativeMethodAccessorImpl.invoke(NativeMethodAccessorImpl.java:57)
	at sun.reflect.DelegatingMethodAccessorImpl.invoke(DelegatingMethodAccessorImpl.java:43)
	at java.lang.reflect.Method.invoke(Method.java:606)
	at org.codehaus.groovy.reflection.CachedMethod.invoke(CachedMethod.java:90)
	at groovy.lang.MetaClassImpl.invokeMissingMethod(MetaClassImpl.java:813)
	at groovy.lang.MetaClassImpl.invokePropertyOrMissing(MetaClassImpl.java:1107)
	at groovy.lang.MetaClassImpl.invokeMethod(MetaClassImpl.java:1060)
	at groovy.lang.ExpandoMetaClass.invokeMethod(ExpandoMetaClass.java:1070)
	at groovy.lang.MetaClassImpl.invokeMethod(MetaClassImpl.java:886)
	at org.codehaus.groovy.runtime.callsite.PogoMetaClassSite.callCurrent(PogoMetaClassSite.java:66)
	at org.codehaus.groovy.runtime.callsite.CallSiteArray.defaultCallCurrent(CallSiteArray.java:44)
	at org.codehaus.groovy.runtime.callsite.AbstractCallSite.callCurrent(AbstractCallSite.java:141)
	at org.codehaus.groovy.runtime.callsite.AbstractCallSite.callCurrent(AbstractCallSite.java:153)
	at com.lcs.cis.ProxyService$1.run(ProxyService.groovy:80)
	at java.lang.Thread.run(Thread.java:748)
Aug 17, 2018 2:21:01 PM org.apache.catalina.startup.HostConfig deployWAR
INFO: Deployment of web application archive /usr/share/tomcat/webapps/ROOT.war has finished in 77,848 ms
Aug 17, 2018 2:21:01 PM org.apache.coyote.AbstractProtocol start
INFO: Starting ProtocolHandler ["http-bio-80"]
Aug 17, 2018 2:21:01 PM org.apache.coyote.AbstractProtocol start
INFO: Starting ProtocolHandler ["http-nio-8443"]
Aug 17, 2018 2:21:01 PM org.apache.coyote.AbstractProtocol start
INFO: Starting ProtocolHandler ["ajp-bio-8009"]
Aug 17, 2018 2:21:01 PM org.apache.catalina.startup.Catalina start
INFO: Server startup in 78198 ms
Aug 19, 2018 1:01:03 PM org.apache.coyote.ajp.AjpMessage processHeader
SEVERE: Invalid message received with signature 18245
Aug 19, 2018 1:01:03 PM org.apache.coyote.ajp.AjpMessage processHeader
SEVERE: Invalid message received with signature 18245
Aug 19, 2018 1:01:08 PM org.apache.coyote.http11.AbstractHttp11Processor process
INFO: Error parsing HTTP request header
 Note: further occurrences of HTTP header parsing errors will be logged at DEBUG level.
java.lang.ArrayIndexOutOfBoundsException: -94
	at org.apache.coyote.http11.InternalInputBuffer.parseHeader(InternalInputBuffer.java:341)
	at org.apache.coyote.http11.InternalInputBuffer.parseHeaders(InternalInputBuffer.java:271)
	at org.apache.coyote.http11.AbstractHttp11Processor.process(AbstractHttp11Processor.java:1007)
	at org.apache.coyote.AbstractProtocol$AbstractConnectionHandler.process(AbstractProtocol.java:625)
	at org.apache.tomcat.util.net.JIoEndpoint$SocketProcessor.run(JIoEndpoint.java:316)
	at java.util.concurrent.ThreadPoolExecutor.runWorker(ThreadPoolExecutor.java:1152)
	at java.util.concurrent.ThreadPoolExecutor$Worker.run(ThreadPoolExecutor.java:622)
	at org.apache.tomcat.util.threads.TaskThread$WrappingRunnable.run(TaskThread.java:61)
	at java.lang.Thread.run(Thread.java:748)

Aug 26, 2018 1:00:49 PM org.apache.coyote.ajp.AjpMessage processHeader
SEVERE: Invalid message received with signature 18245
Aug 26, 2018 1:00:49 PM org.apache.coyote.ajp.AjpMessage processHeader
SEVERE: Invalid message received with signature 18245
Aug 26, 2018 1:00:57 PM org.apache.coyote.http11.AbstractHttp11Processor process
INFO: Error parsing HTTP request header
 Note: further occurrences of HTTP header parsing errors will be logged at DEBUG level.
java.lang.IllegalArgumentException: Invalid character (CR or LF) found in method name
	at org.apache.coyote.http11.InternalInputBuffer.parseRequestLine(InternalInputBuffer.java:131)
	at org.apache.coyote.http11.AbstractHttp11Processor.process(AbstractHttp11Processor.java:992)
	at org.apache.coyote.AbstractProtocol$AbstractConnectionHandler.process(AbstractProtocol.java:625)
	at org.apache.tomcat.util.net.JIoEndpoint$SocketProcessor.run(JIoEndpoint.java:316)
	at java.util.concurrent.ThreadPoolExecutor.runWorker(ThreadPoolExecutor.java:1152)
	at java.util.concurrent.ThreadPoolExecutor$Worker.run(ThreadPoolExecutor.java:622)
	at org.apache.tomcat.util.threads.TaskThread$WrappingRunnable.run(TaskThread.java:61)
	at java.lang.Thread.run(Thread.java:748)

Aug 28, 2018 1:01:03 AM org.apache.coyote.ajp.AjpMessage processHeader
SEVERE: Invalid message received with signature 18245
Aug 28, 2018 1:01:05 AM org.apache.coyote.ajp.AjpMessage processHeader
SEVERE: Invalid message received with signature 18245
Aug 28, 2018 1:01:44 AM org.apache.coyote.ajp.AjpMessage processHeader
SEVERE: Invalid message received with signature 18245
Aug 28, 2018 1:02:05 AM org.apache.coyote.http11.AbstractHttp11Processor process
INFO: Error parsing HTTP request header
 Note: further occurrences of HTTP header parsing errors will be logged at DEBUG level.
java.lang.IllegalArgumentException: Invalid character (CR or LF) found in method name
	at org.apache.coyote.http11.InternalInputBuffer.parseRequestLine(InternalInputBuffer.java:131)
	at org.apache.coyote.http11.AbstractHttp11Processor.process(AbstractHttp11Processor.java:992)
	at org.apache.coyote.AbstractProtocol$AbstractConnectionHandler.process(AbstractProtocol.java:625)
	at org.apache.tomcat.util.net.JIoEndpoint$SocketProcessor.run(JIoEndpoint.java:316)
	at java.util.concurrent.ThreadPoolExecutor.runWorker(ThreadPoolExecutor.java:1152)
	at java.util.concurrent.ThreadPoolExecutor$Worker.run(ThreadPoolExecutor.java:622)
	at org.apache.tomcat.util.threads.TaskThread$WrappingRunnable.run(TaskThread.java:61)
	at java.lang.Thread.run(Thread.java:748)

Aug 28, 2018 1:02:08 AM org.apache.coyote.http11.AbstractHttp11Processor process
INFO: Error parsing HTTP request header
 Note: further occurrences of HTTP header parsing errors will be logged at DEBUG level.
java.lang.IllegalArgumentException: Invalid character (CR or LF) found in method name
	at org.apache.coyote.http11.InternalInputBuffer.parseRequestLine(InternalInputBuffer.java:131)
	at org.apache.coyote.http11.AbstractHttp11Processor.process(AbstractHttp11Processor.java:992)
	at org.apache.coyote.AbstractProtocol$AbstractConnectionHandler.process(AbstractProtocol.java:625)
	at org.apache.tomcat.util.net.JIoEndpoint$SocketProcessor.run(JIoEndpoint.java:316)
	at java.util.concurrent.ThreadPoolExecutor.runWorker(ThreadPoolExecutor.java:1152)
	at java.util.concurrent.ThreadPoolExecutor$Worker.run(ThreadPoolExecutor.java:622)
	at org.apache.tomcat.util.threads.TaskThread$WrappingRunnable.run(TaskThread.java:61)
	at java.lang.Thread.run(Thread.java:748)

Aug 28, 2018 1:03:18 AM org.apache.coyote.http11.AbstractHttp11Processor process
INFO: Error parsing HTTP request header
 Note: further occurrences of HTTP header parsing errors will be logged at DEBUG level.
java.lang.IllegalArgumentException: Invalid character (CR or LF) found in method name
	at org.apache.coyote.http11.InternalNioInputBuffer.parseRequestLine(InternalNioInputBuffer.java:262)
	at org.apache.coyote.http11.AbstractHttp11Processor.process(AbstractHttp11Processor.java:992)
	at org.apache.coyote.AbstractProtocol$AbstractConnectionHandler.process(AbstractProtocol.java:625)
	at org.apache.tomcat.util.net.NioEndpoint$SocketProcessor.doRun(NioEndpoint.java:1749)
	at org.apache.tomcat.util.net.NioEndpoint$SocketProcessor.run(NioEndpoint.java:1708)
	at java.util.concurrent.ThreadPoolExecutor.runWorker(ThreadPoolExecutor.java:1152)
	at java.util.concurrent.ThreadPoolExecutor$Worker.run(ThreadPoolExecutor.java:622)
	at org.apache.tomcat.util.threads.TaskThread$WrappingRunnable.run(TaskThread.java:61)
	at java.lang.Thread.run(Thread.java:748)

Aug 28, 2018 1:03:18 AM org.apache.coyote.http11.AbstractHttp11Processor process
INFO: Error parsing HTTP request header
 Note: further occurrences of HTTP header parsing errors will be logged at DEBUG level.
java.lang.IllegalArgumentException: Invalid character (CR or LF) found in method name
	at org.apache.coyote.http11.InternalInputBuffer.parseRequestLine(InternalInputBuffer.java:131)
	at org.apache.coyote.http11.AbstractHttp11Processor.process(AbstractHttp11Processor.java:992)
	at org.apache.coyote.AbstractProtocol$AbstractConnectionHandler.process(AbstractProtocol.java:625)
	at org.apache.tomcat.util.net.JIoEndpoint$SocketProcessor.run(JIoEndpoint.java:316)
	at java.util.concurrent.ThreadPoolExecutor.runWorker(ThreadPoolExecutor.java:1152)
	at java.util.concurrent.ThreadPoolExecutor$Worker.run(ThreadPoolExecutor.java:622)
	at org.apache.tomcat.util.threads.TaskThread$WrappingRunnable.run(TaskThread.java:61)
	at java.lang.Thread.run(Thread.java:748)

